<?xml version="1.0" encoding="UTF-8"?>
<?xml-stylesheet type="text/xsl" href="ivy-report.xsl"?>
<ivy-report version="1.0">
	<info
		organisation="scalajson"
		module="scalajson_2.10"
		revision="0.1"
		conf="test-internal"
		confs="compile, runtime, test, provided, optional, compile-internal, runtime-internal, test-internal, plugin, sources, docs, pom"
		date="20130329004956"/>
	<dependencies>
		<module organisation="com.fasterxml" name="jackson-module-scala">
			<revision name="1.9.3" status="release" pubdate="20120307000949" resolver="public" artresolver="public" homepage="http://wiki.fasterxml.com/JacksonModuleScala" downloaded="true" searched="true" default="false" conf="default(compile), default, compile, runtime, master" position="1">
				<license name="The Apache Software License, Version 2.0" url="http://www.apache.org/licenses/LICENSE-2.0.txt"/>
				<metadata-artifact status="successful" details="" size="7392" time="343" location="/Users/chiradip/.ivy2/cache/com.fasterxml/jackson-module-scala/ivy-1.9.3.xml" searched="true" original-local-location="/Users/chiradip/.ivy2/cache/com.fasterxml/jackson-module-scala/ivy-1.9.3.xml.original" origin-is-local="false" origin-location="http://repo1.maven.org/maven2/com/fasterxml/jackson-module-scala/1.9.3/jackson-module-scala-1.9.3.pom"/>
				<caller organisation="scalajson" name="scalajson_2.10" conf="test-internal, test, optional, compile, provided, runtime" rev="[1.9.3,)" rev-constraint-default="[1.9.3,)" rev-constraint-dynamic="[1.9.3,)" callerrev="0.1"/>
				<artifacts>
					<artifact name="jackson-module-scala" type="jar" ext="jar" status="successful" details="" size="211194" time="2503" location="/Users/chiradip/.ivy2/cache/com.fasterxml/jackson-module-scala/jars/jackson-module-scala-1.9.3.jar">
						<origin-location is-local="false" location="http://repo1.maven.org/maven2/com/fasterxml/jackson-module-scala/1.9.3/jackson-module-scala-1.9.3.jar"/>
					</artifact>
				</artifacts>
			</revision>
		</module>
		<module organisation="org.scalatest" name="scalatest_2.9.1">
			<revision name="1.6.1" status="release" pubdate="20110831081259" resolver="public" artresolver="public" homepage="http://www.scalatest.org" downloaded="true" searched="true" default="false" conf="compile, master(*), runtime, compile(*), runtime(*), master" position="8">
				<license name="the Apache License, ASL Version 2.0" url="http://www.apache.org/licenses/LICENSE-2.0"/>
				<metadata-artifact status="successful" details="" size="4142" time="172" location="/Users/chiradip/.ivy2/cache/org.scalatest/scalatest_2.9.1/ivy-1.6.1.xml" searched="true" original-local-location="/Users/chiradip/.ivy2/cache/org.scalatest/scalatest_2.9.1/ivy-1.6.1.xml.original" origin-is-local="false" origin-location="http://repo1.maven.org/maven2/org/scalatest/scalatest_2.9.1/1.6.1/scalatest_2.9.1-1.6.1.pom"/>
				<caller organisation="com.fasterxml" name="jackson-module-scala" conf="default, compile, runtime, master" rev="1.6.1" rev-constraint-default="1.6.1" rev-constraint-dynamic="1.6.1" callerrev="1.9.3"/>
				<artifacts>
					<artifact name="scalatest_2.9.1" type="jar" ext="jar" status="successful" details="" size="2704854" time="21815" location="/Users/chiradip/.ivy2/cache/org.scalatest/scalatest_2.9.1/jars/scalatest_2.9.1-1.6.1.jar">
						<origin-location is-local="false" location="http://repo1.maven.org/maven2/org/scalatest/scalatest_2.9.1/1.6.1/scalatest_2.9.1-1.6.1.jar"/>
					</artifact>
				</artifacts>
			</revision>
		</module>
		<module organisation="org.scalastuff" name="scalabeans">
			<revision name="0.2" status="release" pubdate="20110827070519" resolver="public" artresolver="public" homepage="http://scalastuff.org" downloaded="true" searched="true" default="false" conf="compile, master(*), runtime, compile(*), runtime(*), master" position="4">
				<license name="The Apache Software License, Version 2.0" url="http://www.apache.org/licenses/LICENSE-2.0.txt"/>
				<metadata-artifact status="successful" details="" size="5321" time="170" location="/Users/chiradip/.ivy2/cache/org.scalastuff/scalabeans/ivy-0.2.xml" searched="true" original-local-location="/Users/chiradip/.ivy2/cache/org.scalastuff/scalabeans/ivy-0.2.xml.original" origin-is-local="false" origin-location="http://repo1.maven.org/maven2/org/scalastuff/scalabeans/0.2/scalabeans-0.2.pom"/>
				<caller organisation="com.fasterxml" name="jackson-module-scala" conf="default, compile, runtime, master" rev="0.2" rev-constraint-default="0.2" rev-constraint-dynamic="0.2" callerrev="1.9.3"/>
				<artifacts>
					<artifact name="scalabeans" type="jar" ext="jar" status="successful" details="" size="886662" time="10605" location="/Users/chiradip/.ivy2/cache/org.scalastuff/scalabeans/jars/scalabeans-0.2.jar">
						<origin-location is-local="false" location="http://repo1.maven.org/maven2/org/scalastuff/scalabeans/0.2/scalabeans-0.2.jar"/>
					</artifact>
				</artifacts>
			</revision>
		</module>
		<module organisation="com.google.guava" name="guava">
			<revision name="r09" status="release" pubdate="20110408080001" resolver="public" artresolver="public" homepage="http://code.google.com/p/guava-libraries" downloaded="true" searched="true" default="false" conf="compile, master(*), runtime, compile(*), runtime(*), master" position="6">
				<license name="The Apache Software License, Version 2.0" url="http://www.apache.org/licenses/LICENSE-2.0.txt"/>
				<metadata-artifact status="successful" details="" size="3089" time="149" location="/Users/chiradip/.ivy2/cache/com.google.guava/guava/ivy-r09.xml" searched="true" original-local-location="/Users/chiradip/.ivy2/cache/com.google.guava/guava/ivy-r09.xml.original" origin-is-local="false" origin-location="http://repo1.maven.org/maven2/com/google/guava/guava/r09/guava-r09.pom"/>
				<caller organisation="org.scalastuff" name="scalabeans" conf="compile, runtime" rev="r09" rev-constraint-default="r09" rev-constraint-dynamic="r09" callerrev="0.2"/>
				<artifacts>
					<artifact name="guava" type="jar" ext="jar" status="successful" details="" size="1143921" time="12856" location="/Users/chiradip/.ivy2/cache/com.google.guava/guava/jars/guava-r09.jar">
						<origin-location is-local="false" location="http://repo1.maven.org/maven2/com/google/guava/guava/r09/guava-r09.jar"/>
					</artifact>
				</artifacts>
			</revision>
		</module>
		<module organisation="junit" name="junit">
			<revision name="4.8.2" status="release" pubdate="20101005015127" resolver="public" artresolver="public" homepage="http://junit.org" downloaded="true" searched="true" default="false" conf="compile, master(*), runtime, compile(*), runtime(*), master" position="7">
				<license name="Common Public License Version 1.0" url="http://www.opensource.org/licenses/cpl1.0.txt"/>
				<metadata-artifact status="successful" details="" size="1482" time="153" location="/Users/chiradip/.ivy2/cache/junit/junit/ivy-4.8.2.xml" searched="true" original-local-location="/Users/chiradip/.ivy2/cache/junit/junit/ivy-4.8.2.xml.original" origin-is-local="false" origin-location="http://repo1.maven.org/maven2/junit/junit/4.8.2/junit-4.8.2.pom"/>
				<caller organisation="com.fasterxml" name="jackson-module-scala" conf="default, compile, runtime, master" rev="4.8.2" rev-constraint-default="4.8.2" rev-constraint-dynamic="4.8.2" callerrev="1.9.3"/>
				<artifacts>
					<artifact name="junit" type="jar" ext="jar" status="successful" details="" size="237344" time="3851" location="/Users/chiradip/.ivy2/cache/junit/junit/jars/junit-4.8.2.jar">
						<origin-location is-local="false" location="http://repo1.maven.org/maven2/junit/junit/4.8.2/junit-4.8.2.jar"/>
					</artifact>
				</artifacts>
			</revision>
		</module>
		<module organisation="com.thoughtworks.paranamer" name="paranamer">
			<revision name="2.3" status="release" pubdate="20101019061431" resolver="sbt-chain" artresolver="sbt-chain" homepage="" downloaded="false" searched="false" default="false" conf="compile, master(*), runtime, compile(*), runtime(*), master" position="5">
				<metadata-artifact status="no" details="" size="3594" time="0" location="/Users/chiradip/.ivy2/cache/com.thoughtworks.paranamer/paranamer/ivy-2.3.xml" searched="false" origin-is-local="false" origin-location="http://repo1.maven.org/maven2/com/thoughtworks/paranamer/paranamer/2.3/paranamer-2.3.pom"/>
				<caller organisation="org.scalastuff" name="scalabeans" conf="compile, runtime" rev="2.3" rev-constraint-default="2.3" rev-constraint-dynamic="2.3" callerrev="0.2"/>
				<artifacts>
					<artifact name="paranamer" type="jar" ext="jar" status="no" details="" size="29555" time="0" location="/Users/chiradip/.ivy2/cache/com.thoughtworks.paranamer/paranamer/jars/paranamer-2.3.jar">
						<origin-location is-local="false" location="http://repo1.maven.org/maven2/com/thoughtworks/paranamer/paranamer/2.3/paranamer-2.3.jar"/>
					</artifact>
				</artifacts>
			</revision>
		</module>
		<module organisation="org.codehaus.jackson" name="jackson-mapper-asl">
			<revision name="1.9.5" status="release" pubdate="20120224221029" resolver="public" artresolver="public" homepage="http://jackson.codehaus.org" downloaded="true" searched="true" default="false" conf="compile, master(*), runtime, compile(*), runtime(*), master" position="2">
				<license name="The Apache Software License, Version 2.0" url="http://www.apache.org/licenses/LICENSE-2.0.txt"/>
				<metadata-artifact status="successful" details="" size="1242" time="156" location="/Users/chiradip/.ivy2/cache/org.codehaus.jackson/jackson-mapper-asl/ivy-1.9.5.xml" searched="true" original-local-location="/Users/chiradip/.ivy2/cache/org.codehaus.jackson/jackson-mapper-asl/ivy-1.9.5.xml.original" origin-is-local="false" origin-location="http://repo1.maven.org/maven2/org/codehaus/jackson/jackson-mapper-asl/1.9.5/jackson-mapper-asl-1.9.5.pom"/>
				<caller organisation="com.fasterxml" name="jackson-module-scala" conf="default, compile, runtime, master" rev="1.9.5" rev-constraint-default="1.9.5" rev-constraint-dynamic="1.9.5" callerrev="1.9.3"/>
				<artifacts>
					<artifact name="jackson-mapper-asl" type="jar" ext="jar" status="successful" details="" size="778983" time="7367" location="/Users/chiradip/.ivy2/cache/org.codehaus.jackson/jackson-mapper-asl/jars/jackson-mapper-asl-1.9.5.jar">
						<origin-location is-local="false" location="http://repo1.maven.org/maven2/org/codehaus/jackson/jackson-mapper-asl/1.9.5/jackson-mapper-asl-1.9.5.jar"/>
					</artifact>
				</artifacts>
			</revision>
		</module>
		<module organisation="org.codehaus.jackson" name="jackson-core-asl">
			<revision name="1.9.5" status="release" pubdate="20120224220957" resolver="public" artresolver="public" homepage="http://jackson.codehaus.org" downloaded="true" searched="true" default="false" conf="compile, master(*), runtime, compile(*), runtime(*), master" position="3">
				<license name="The Apache Software License, Version 2.0" url="http://www.apache.org/licenses/LICENSE-2.0.txt"/>
				<metadata-artifact status="successful" details="" size="1016" time="205" location="/Users/chiradip/.ivy2/cache/org.codehaus.jackson/jackson-core-asl/ivy-1.9.5.xml" searched="true" original-local-location="/Users/chiradip/.ivy2/cache/org.codehaus.jackson/jackson-core-asl/ivy-1.9.5.xml.original" origin-is-local="false" origin-location="http://repo1.maven.org/maven2/org/codehaus/jackson/jackson-core-asl/1.9.5/jackson-core-asl-1.9.5.pom"/>
				<caller organisation="org.codehaus.jackson" name="jackson-mapper-asl" conf="compile, runtime" rev="1.9.5" rev-constraint-default="1.9.5" rev-constraint-dynamic="1.9.5" callerrev="1.9.5"/>
				<artifacts>
					<artifact name="jackson-core-asl" type="jar" ext="jar" status="successful" details="" size="228417" time="3104" location="/Users/chiradip/.ivy2/cache/org.codehaus.jackson/jackson-core-asl/jars/jackson-core-asl-1.9.5.jar">
						<origin-location is-local="false" location="http://repo1.maven.org/maven2/org/codehaus/jackson/jackson-core-asl/1.9.5/jackson-core-asl-1.9.5.jar"/>
					</artifact>
				</artifacts>
			</revision>
		</module>
		<module organisation="org.scala-lang" name="scala-library">
			<revision name="2.10.1" status="release" pubdate="20130312160420" resolver="sbt-chain" artresolver="sbt-chain" homepage="http://www.scala-lang.org/" downloaded="false" searched="false" default="false" conf="default(compile), default, compile, master(*), compile(*), runtime, runtime(*), master" position="0">
				<license name="BSD-like" url="http://www.scala-lang.org/downloads/license.html          "/>
				<metadata-artifact status="no" details="" size="2392" time="0" location="/Users/chiradip/.ivy2/cache/org.scala-lang/scala-library/ivy-2.10.1.xml" searched="false" origin-is-local="false" origin-location="http://repo1.maven.org/maven2/org/scala-lang/scala-library/2.10.1/scala-library-2.10.1.pom"/>
				<caller organisation="scalajson" name="scalajson_2.10" conf="test-internal, test, optional, compile, provided, runtime" rev="2.10.1" rev-constraint-default="2.10.1" rev-constraint-dynamic="2.10.1" callerrev="0.1"/>
				<caller organisation="com.fasterxml" name="jackson-module-scala" conf="default, compile, runtime, master" rev="2.10.1" rev-constraint-default="2.10.1" rev-constraint-dynamic="2.9.1" callerrev="1.9.3"/>
				<caller organisation="org.scalatest" name="scalatest_2.9.1" conf="compile, runtime" rev="2.10.1" rev-constraint-default="2.10.1" rev-constraint-dynamic="2.9.1" callerrev="1.6.1"/>
				<artifacts>
				</artifacts>
			</revision>
		</module>
	</dependencies>
</ivy-report>
