<?xml version="1.0" encoding="UTF-8"?>
<?xml-stylesheet type="text/xsl" href="ivy-report.xsl"?>
<ivy-report version="1.0">
	<info
		organisation="Chiradip Mandal, Inc."
		module="scalajson"
		revision="0.1"
		conf="test-internal"
		confs="compile, runtime, test, provided, optional, compile-internal, runtime-internal, test-internal, plugin, sources, docs, pom"
		date="20130401224107"/>
	<dependencies>
		<module organisation="org.drools" name="drools-core">
			<revision name="6.0.0.Alpha9" status="release" pubdate="20130227223305" resolver="public" artresolver="public" homepage="" downloaded="true" searched="true" default="false" conf="default(compile), default, compile, runtime, master" position="9">
				<metadata-artifact status="successful" details="" size="7276" time="414" location="/Users/chiradip/.ivy2/cache/org.drools/drools-core/ivy-6.0.0.Alpha9.xml" searched="true" original-local-location="/Users/chiradip/.ivy2/cache/org.drools/drools-core/ivy-6.0.0.Alpha9.xml.original" origin-is-local="false" origin-location="http://repo1.maven.org/maven2/org/drools/drools-core/6.0.0.Alpha9/drools-core-6.0.0.Alpha9.pom"/>
				<caller organisation="Chiradip Mandal, Inc." name="scalajson" conf="test-internal, test, optional, compile, provided, runtime" rev="[5.5,)" rev-constraint-default="[5.5,)" rev-constraint-dynamic="[5.5,)" callerrev="0.1"/>
				<artifacts>
					<artifact name="drools-core" type="bundle" ext="jar" status="successful" details="" size="2954841" time="24848" location="/Users/chiradip/.ivy2/cache/org.drools/drools-core/bundles/drools-core-6.0.0.Alpha9.jar">
						<origin-location is-local="false" location="http://repo1.maven.org/maven2/org/drools/drools-core/6.0.0.Alpha9/drools-core-6.0.0.Alpha9.jar"/>
					</artifact>
				</artifacts>
			</revision>
		</module>
		<module organisation="org.kie" name="kie-internal">
			<revision name="6.0.0.Alpha9" status="release" pubdate="20130227222428" resolver="public" artresolver="public" homepage="" downloaded="true" searched="true" default="false" conf="compile, master(*), runtime, compile(*), runtime(*), master" position="13">
				<metadata-artifact status="successful" details="" size="2662" time="676" location="/Users/chiradip/.ivy2/cache/org.kie/kie-internal/ivy-6.0.0.Alpha9.xml" searched="true" original-local-location="/Users/chiradip/.ivy2/cache/org.kie/kie-internal/ivy-6.0.0.Alpha9.xml.original" origin-is-local="false" origin-location="http://repo1.maven.org/maven2/org/kie/kie-internal/6.0.0.Alpha9/kie-internal-6.0.0.Alpha9.pom"/>
				<caller organisation="org.drools" name="drools-core" conf="default, compile, runtime, master" rev="6.0.0.Alpha9" rev-constraint-default="6.0.0.Alpha9" rev-constraint-dynamic="6.0.0.Alpha9" callerrev="6.0.0.Alpha9"/>
				<artifacts>
					<artifact name="kie-internal" type="bundle" ext="jar" status="successful" details="" size="113769" time="3064" location="/Users/chiradip/.ivy2/cache/org.kie/kie-internal/bundles/kie-internal-6.0.0.Alpha9.jar">
						<origin-location is-local="false" location="http://repo1.maven.org/maven2/org/kie/kie-internal/6.0.0.Alpha9/kie-internal-6.0.0.Alpha9.jar"/>
					</artifact>
				</artifacts>
			</revision>
		</module>
		<module organisation="org.kie" name="kie-api">
			<revision name="6.0.0.Alpha9" status="release" pubdate="20130227222403" resolver="public" artresolver="public" homepage="" downloaded="true" searched="true" default="false" conf="compile, master(*), runtime, compile(*), runtime(*), master" position="11">
				<metadata-artifact status="successful" details="" size="5467" time="820" location="/Users/chiradip/.ivy2/cache/org.kie/kie-api/ivy-6.0.0.Alpha9.xml" searched="true" original-local-location="/Users/chiradip/.ivy2/cache/org.kie/kie-api/ivy-6.0.0.Alpha9.xml.original" origin-is-local="false" origin-location="http://repo1.maven.org/maven2/org/kie/kie-api/6.0.0.Alpha9/kie-api-6.0.0.Alpha9.pom"/>
				<caller organisation="org.drools" name="drools-core" conf="default, compile, runtime, master" rev="6.0.0.Alpha9" rev-constraint-default="6.0.0.Alpha9" rev-constraint-dynamic="6.0.0.Alpha9" callerrev="6.0.0.Alpha9"/>
				<caller organisation="org.kie" name="kie-internal" conf="compile, runtime" rev="6.0.0.Alpha9" rev-constraint-default="6.0.0.Alpha9" rev-constraint-dynamic="6.0.0.Alpha9" callerrev="6.0.0.Alpha9"/>
				<artifacts>
					<artifact name="kie-api" type="bundle" ext="jar" status="successful" details="" size="108475" time="3430" location="/Users/chiradip/.ivy2/cache/org.kie/kie-api/bundles/kie-api-6.0.0.Alpha9.jar">
						<origin-location is-local="false" location="http://repo1.maven.org/maven2/org/kie/kie-api/6.0.0.Alpha9/kie-api-6.0.0.Alpha9.jar"/>
					</artifact>
				</artifacts>
			</revision>
		</module>
		<module organisation="org.slf4j" name="slf4j-api">
			<revision name="1.7.2" status="release" pubdate="20121011115524" resolver="sbt-chain" artresolver="sbt-chain" homepage="http://www.slf4j.org" downloaded="false" searched="false" default="false" conf="compile, master(*), runtime, compile(*), runtime(*), master" position="12">
				<metadata-artifact status="no" details="" size="4469" time="0" location="/Users/chiradip/.ivy2/cache/org.slf4j/slf4j-api/ivy-1.7.2.xml" searched="false" origin-is-local="false" origin-location="https://oss.sonatype.org/content/repositories/releases/org/slf4j/slf4j-api/1.7.2/slf4j-api-1.7.2.pom"/>
				<caller organisation="org.drools" name="drools-core" conf="default, compile, runtime, master" rev="1.7.2" rev-constraint-default="1.7.2" rev-constraint-dynamic="1.7.2" callerrev="6.0.0.Alpha9"/>
				<caller organisation="org.kie" name="kie-api" conf="compile, runtime" rev="1.7.2" rev-constraint-default="1.7.2" rev-constraint-dynamic="1.7.2" callerrev="6.0.0.Alpha9"/>
				<caller organisation="org.kie" name="kie-internal" conf="compile, runtime" rev="1.7.2" rev-constraint-default="1.7.2" rev-constraint-dynamic="1.7.2" callerrev="6.0.0.Alpha9"/>
				<artifacts>
					<artifact name="slf4j-api" type="jar" ext="jar" status="no" details="" size="26083" time="0" location="/Users/chiradip/.ivy2/cache/org.slf4j/slf4j-api/jars/slf4j-api-1.7.2.jar">
						<origin-location is-local="false" location="https://oss.sonatype.org/content/repositories/releases/org/slf4j/slf4j-api/1.7.2/slf4j-api-1.7.2.jar"/>
					</artifact>
				</artifacts>
			</revision>
		</module>
		<module organisation="org.mvel" name="mvel2">
			<revision name="2.1.4.Final" status="release" pubdate="20130204084531" resolver="public" artresolver="public" homepage="http://mvel.codehaus.org/" downloaded="true" searched="true" default="false" conf="compile, master(*), runtime, compile(*), runtime(*), master" position="10">
				<license name="The Apache Software License, Version 2.0" url="http://www.apache.org/licenses/LICENSE-2.0.txt"/>
				<metadata-artifact status="successful" details="" size="9667" time="225" location="/Users/chiradip/.ivy2/cache/org.mvel/mvel2/ivy-2.1.4.Final.xml" searched="true" original-local-location="/Users/chiradip/.ivy2/cache/org.mvel/mvel2/ivy-2.1.4.Final.xml.original" origin-is-local="false" origin-location="http://repo1.maven.org/maven2/org/mvel/mvel2/2.1.4.Final/mvel2-2.1.4.Final.pom"/>
				<caller organisation="org.drools" name="drools-core" conf="default, compile, runtime, master" rev="2.1.4.Final" rev-constraint-default="2.1.4.Final" rev-constraint-dynamic="2.1.4.Final" callerrev="6.0.0.Alpha9"/>
				<artifacts>
					<artifact name="mvel2" type="jar" ext="jar" status="successful" details="" size="741824" time="7826" location="/Users/chiradip/.ivy2/cache/org.mvel/mvel2/jars/mvel2-2.1.4.Final.jar">
						<origin-location is-local="false" location="http://repo1.maven.org/maven2/org/mvel/mvel2/2.1.4.Final/mvel2-2.1.4.Final.jar"/>
					</artifact>
				</artifacts>
			</revision>
		</module>
		<module organisation="com.typesafe" name="config">
			<revision name="1.0.0" status="release" pubdate="20121015060115" resolver="sbt-chain" artresolver="sbt-chain" homepage="https://github.com/typesafehub/config" downloaded="false" searched="true" default="false" conf="default(compile), default, compile, runtime, master" position="8">
				<license name="Apache License, Version 2.0" url="http://www.apache.org/licenses/LICENSE-2.0"/>
				<metadata-artifact status="no" details="" size="2725" time="0" location="/Users/chiradip/.ivy2/cache/com.typesafe/config/ivy-1.0.0.xml" searched="true" origin-is-local="false" origin-location="https://oss.sonatype.org/content/repositories/releases/com/typesafe/config/1.0.0/config-1.0.0.pom"/>
				<caller organisation="Chiradip Mandal, Inc." name="scalajson" conf="test-internal, test, optional, compile, provided, runtime" rev="[1.0.0,)" rev-constraint-default="[1.0.0,)" rev-constraint-dynamic="[1.0.0,)" callerrev="0.1"/>
				<artifacts>
					<artifact name="config" type="bundle" ext="jar" status="no" details="" size="185676" time="0" location="/Users/chiradip/.ivy2/cache/com.typesafe/config/bundles/config-1.0.0.jar">
						<origin-location is-local="false" location="https://oss.sonatype.org/content/repositories/releases/com/typesafe/config/1.0.0/config-1.0.0.jar"/>
					</artifact>
				</artifacts>
			</revision>
		</module>
		<module organisation="com.fasterxml.jackson.module" name="jackson-module-scala_2.10">
			<revision name="2.1.3" status="release" pubdate="20121228155434" resolver="public" artresolver="public" homepage="http://wiki.fasterxml.com/JacksonModuleScala" downloaded="false" searched="true" default="false" conf="default(compile), default, compile, runtime, master" position="4">
				<license name="The Apache Software License, Version 2.0" url="http://www.apache.org/licenses/LICENSE-2.0.txt"/>
				<metadata-artifact status="no" details="" size="3856" time="0" location="/Users/chiradip/.ivy2/cache/com.fasterxml.jackson.module/jackson-module-scala_2.10/ivy-2.1.3.xml" searched="true" origin-is-local="false" origin-location="http://repo1.maven.org/maven2/com/fasterxml/jackson/module/jackson-module-scala_2.10/2.1.3/jackson-module-scala_2.10-2.1.3.pom"/>
				<caller organisation="Chiradip Mandal, Inc." name="scalajson" conf="test-internal, test, optional, compile, provided, runtime" rev="[2.1.3,)" rev-constraint-default="[2.1.3,)" rev-constraint-dynamic="[2.1.3,)" callerrev="0.1"/>
				<artifacts>
					<artifact name="jackson-module-scala_2.10" type="jar" ext="jar" status="no" details="" size="1063497" time="0" location="/Users/chiradip/.ivy2/cache/com.fasterxml.jackson.module/jackson-module-scala_2.10/jars/jackson-module-scala_2.10-2.1.3.jar">
						<origin-location is-local="false" location="http://repo1.maven.org/maven2/com/fasterxml/jackson/module/jackson-module-scala_2.10/2.1.3/jackson-module-scala_2.10-2.1.3.jar"/>
					</artifact>
				</artifacts>
			</revision>
		</module>
		<module organisation="org.scala-lang" name="scala-reflect">
			<revision name="2.10.0" status="release" pubdate="20121219232932" resolver="sbt-chain" artresolver="sbt-chain" homepage="http://www.scala-lang.org/" downloaded="false" searched="false" default="false" conf="compile, master(*), runtime, compile(*), runtime(*), master" position="7">
				<license name="BSD-like" url="http://www.scala-lang.org/downloads/license.html    "/>
				<metadata-artifact status="no" details="" size="2552" time="0" location="/Users/chiradip/.ivy2/cache/org.scala-lang/scala-reflect/ivy-2.10.0.xml" searched="false" origin-is-local="false" origin-location="http://repo1.maven.org/maven2/org/scala-lang/scala-reflect/2.10.0/scala-reflect-2.10.0.pom"/>
				<caller organisation="com.fasterxml.jackson.module" name="jackson-module-scala_2.10" conf="default, compile, runtime, master" rev="2.10.0" rev-constraint-default="2.10.0" rev-constraint-dynamic="2.10.0" callerrev="2.1.3"/>
				<artifacts>
					<artifact name="scala-reflect" type="jar" ext="jar" status="no" details="" size="3149351" time="0" location="/Users/chiradip/.ivy2/cache/org.scala-lang/scala-reflect/jars/scala-reflect-2.10.0.jar">
						<origin-location is-local="false" location="http://repo1.maven.org/maven2/org/scala-lang/scala-reflect/2.10.0/scala-reflect-2.10.0.jar"/>
					</artifact>
				</artifacts>
			</revision>
		</module>
		<module organisation="com.google.guava" name="guava">
			<revision name="13.0.1" status="release" pubdate="20120828082726" resolver="public" artresolver="public" homepage="" downloaded="false" searched="false" default="false" conf="compile, master(*), runtime, compile(*), runtime(*), master" position="6">
				<metadata-artifact status="no" details="" size="3505" time="0" location="/Users/chiradip/.ivy2/cache/com.google.guava/guava/ivy-13.0.1.xml" searched="false" origin-is-local="false" origin-location="http://repo1.maven.org/maven2/com/google/guava/guava/13.0.1/guava-13.0.1.pom"/>
				<caller organisation="com.fasterxml.jackson.module" name="jackson-module-scala_2.10" conf="default, compile, runtime, master" rev="13.0.1" rev-constraint-default="13.0.1" rev-constraint-dynamic="13.0.1" callerrev="2.1.3"/>
				<artifacts>
					<artifact name="guava" type="jar" ext="jar" status="no" details="" size="1891110" time="0" location="/Users/chiradip/.ivy2/cache/com.google.guava/guava/jars/guava-13.0.1.jar">
						<origin-location is-local="false" location="http://repo1.maven.org/maven2/com/google/guava/guava/13.0.1/guava-13.0.1.jar"/>
					</artifact>
				</artifacts>
			</revision>
		</module>
		<module organisation="com.thoughtworks.paranamer" name="paranamer">
			<revision name="2.3" status="release" pubdate="20101019061431" resolver="sbt-chain" artresolver="sbt-chain" homepage="" downloaded="false" searched="false" default="false" conf="compile, master(*), runtime, compile(*), runtime(*), master" position="5">
				<metadata-artifact status="no" details="" size="3594" time="0" location="/Users/chiradip/.ivy2/cache/com.thoughtworks.paranamer/paranamer/ivy-2.3.xml" searched="false" origin-is-local="false" origin-location="http://repo1.maven.org/maven2/com/thoughtworks/paranamer/paranamer/2.3/paranamer-2.3.pom"/>
				<caller organisation="com.fasterxml.jackson.module" name="jackson-module-scala_2.10" conf="default, compile, runtime, master" rev="2.3" rev-constraint-default="2.3" rev-constraint-dynamic="2.3" callerrev="2.1.3"/>
				<artifacts>
					<artifact name="paranamer" type="jar" ext="jar" status="no" details="" size="29555" time="0" location="/Users/chiradip/.ivy2/cache/com.thoughtworks.paranamer/paranamer/jars/paranamer-2.3.jar">
						<origin-location is-local="false" location="http://repo1.maven.org/maven2/com/thoughtworks/paranamer/paranamer/2.3/paranamer-2.3.jar"/>
					</artifact>
				</artifacts>
			</revision>
		</module>
		<module organisation="com.fasterxml.jackson.core" name="jackson-databind">
			<revision name="2.1.4" status="release" pubdate="20130226151816" resolver="public" artresolver="public" homepage="http://wiki.fasterxml.com/JacksonHome" downloaded="false" searched="true" default="false" conf="default(compile), default, compile, runtime, master, master(*), compile(*), runtime(*)" position="2">
				<metadata-artifact status="no" details="" size="6028" time="0" location="/Users/chiradip/.ivy2/cache/com.fasterxml.jackson.core/jackson-databind/ivy-2.1.4.xml" searched="true" origin-is-local="false" origin-location="http://repo1.maven.org/maven2/com/fasterxml/jackson/core/jackson-databind/2.1.4/jackson-databind-2.1.4.pom"/>
				<caller organisation="com.fasterxml.jackson.module" name="jackson-module-scala_2.10" conf="default, compile, runtime, master" rev="2.1.2" rev-constraint-default="2.1.2" rev-constraint-dynamic="2.1.2" callerrev="2.1.3"/>
				<caller organisation="Chiradip Mandal, Inc." name="scalajson" conf="test-internal, test, optional, compile, provided, runtime" rev="[2.1.3,)" rev-constraint-default="[2.1.3,)" rev-constraint-dynamic="[2.1.3,)" callerrev="0.1"/>
				<artifacts>
					<artifact name="jackson-databind" type="jar" ext="jar" status="no" details="" size="926562" time="0" location="/Users/chiradip/.ivy2/cache/com.fasterxml.jackson.core/jackson-databind/jars/jackson-databind-2.1.4.jar">
						<origin-location is-local="false" location="http://repo1.maven.org/maven2/com/fasterxml/jackson/core/jackson-databind/2.1.4/jackson-databind-2.1.4.jar"/>
					</artifact>
				</artifacts>
			</revision>
			<revision name="2.1.2" evicted="latest-revision" evicted-reason="" downloaded="false" searched="false" conf="compile, master(*), runtime, compile(*), runtime(*), master" position="-1">
				<evicted-by rev="2.1.4"/>
				<caller organisation="com.fasterxml.jackson.module" name="jackson-module-scala_2.10" conf="default, compile, runtime, master" rev="2.1.2" rev-constraint-default="2.1.2" rev-constraint-dynamic="2.1.2" callerrev="2.1.3"/>
				<artifacts>
				</artifacts>
			</revision>
		</module>
		<module organisation="com.fasterxml.jackson.core" name="jackson-annotations">
			<revision name="2.1.4" status="release" pubdate="20130226151038" resolver="public" artresolver="public" homepage="http://wiki.fasterxml.com/JacksonHome" downloaded="false" searched="true" default="false" conf="default(compile), default, compile, master(*), runtime, compile(*), runtime(*), master" position="3">
				<metadata-artifact status="no" details="" size="4023" time="0" location="/Users/chiradip/.ivy2/cache/com.fasterxml.jackson.core/jackson-annotations/ivy-2.1.4.xml" searched="true" origin-is-local="false" origin-location="http://repo1.maven.org/maven2/com/fasterxml/jackson/core/jackson-annotations/2.1.4/jackson-annotations-2.1.4.pom"/>
				<caller organisation="com.fasterxml.jackson.module" name="jackson-module-scala_2.10" conf="default, compile, runtime, master" rev="2.1.2" rev-constraint-default="2.1.2" rev-constraint-dynamic="2.1.2" callerrev="2.1.3"/>
				<caller organisation="com.fasterxml.jackson.core" name="jackson-databind" conf="default, compile, runtime, master" rev="2.1.4" rev-constraint-default="2.1.4" rev-constraint-dynamic="2.1.4" callerrev="2.1.4"/>
				<caller organisation="Chiradip Mandal, Inc." name="scalajson" conf="test-internal, test, optional, compile, provided, runtime" rev="[2.1.3,)" rev-constraint-default="[2.1.3,)" rev-constraint-dynamic="[2.1.3,)" callerrev="0.1"/>
				<artifacts>
					<artifact name="jackson-annotations" type="jar" ext="jar" status="no" details="" size="34476" time="0" location="/Users/chiradip/.ivy2/cache/com.fasterxml.jackson.core/jackson-annotations/jars/jackson-annotations-2.1.4.jar">
						<origin-location is-local="false" location="http://repo1.maven.org/maven2/com/fasterxml/jackson/core/jackson-annotations/2.1.4/jackson-annotations-2.1.4.jar"/>
					</artifact>
				</artifacts>
			</revision>
			<revision name="2.1.2" evicted="latest-revision" evicted-reason="" downloaded="false" searched="false" conf="compile, master(*), runtime, compile(*), runtime(*), master" position="-1">
				<evicted-by rev="2.1.4"/>
				<caller organisation="com.fasterxml.jackson.module" name="jackson-module-scala_2.10" conf="default, compile, runtime, master" rev="2.1.2" rev-constraint-default="2.1.2" rev-constraint-dynamic="2.1.2" callerrev="2.1.3"/>
				<artifacts>
				</artifacts>
			</revision>
		</module>
		<module organisation="com.fasterxml.jackson.core" name="jackson-core">
			<revision name="2.1.4" status="release" pubdate="20130226150824" resolver="public" artresolver="public" homepage="http://wiki.fasterxml.com/JacksonHome" downloaded="false" searched="true" default="false" conf="default(compile), default, compile, master(*), compile(*), runtime, runtime(*), master" position="1">
				<metadata-artifact status="no" details="" size="4343" time="0" location="/Users/chiradip/.ivy2/cache/com.fasterxml.jackson.core/jackson-core/ivy-2.1.4.xml" searched="true" origin-is-local="false" origin-location="http://repo1.maven.org/maven2/com/fasterxml/jackson/core/jackson-core/2.1.4/jackson-core-2.1.4.pom"/>
				<caller organisation="com.fasterxml.jackson.module" name="jackson-module-scala_2.10" conf="default, compile, runtime, master" rev="2.1.2" rev-constraint-default="2.1.2" rev-constraint-dynamic="2.1.2" callerrev="2.1.3"/>
				<caller organisation="com.fasterxml.jackson.core" name="jackson-databind" conf="default, compile, runtime, master" rev="2.1.4" rev-constraint-default="2.1.4" rev-constraint-dynamic="2.1.4" callerrev="2.1.4"/>
				<caller organisation="Chiradip Mandal, Inc." name="scalajson" conf="test-internal, test, optional, compile, provided, runtime" rev="[2.1.3,)" rev-constraint-default="[2.1.3,)" rev-constraint-dynamic="[2.1.3,)" callerrev="0.1"/>
				<artifacts>
					<artifact name="jackson-core" type="jar" ext="jar" status="no" details="" size="206866" time="0" location="/Users/chiradip/.ivy2/cache/com.fasterxml.jackson.core/jackson-core/jars/jackson-core-2.1.4.jar">
						<origin-location is-local="false" location="http://repo1.maven.org/maven2/com/fasterxml/jackson/core/jackson-core/2.1.4/jackson-core-2.1.4.jar"/>
					</artifact>
				</artifacts>
			</revision>
			<revision name="2.1.2" evicted="latest-revision" evicted-reason="" downloaded="false" searched="false" conf="compile, master(*), runtime, compile(*), runtime(*), master" position="-1">
				<evicted-by rev="2.1.4"/>
				<caller organisation="com.fasterxml.jackson.module" name="jackson-module-scala_2.10" conf="default, compile, runtime, master" rev="2.1.2" rev-constraint-default="2.1.2" rev-constraint-dynamic="2.1.2" callerrev="2.1.3"/>
				<artifacts>
				</artifacts>
			</revision>
		</module>
		<module organisation="org.scala-lang" name="scala-library">
			<revision name="2.10.1" status="release" pubdate="20130312160420" resolver="sbt-chain" artresolver="sbt-chain" homepage="http://www.scala-lang.org/" downloaded="false" searched="false" default="false" conf="default(compile), default, compile, master(*), compile(*), runtime, runtime(*), master" position="0">
				<license name="BSD-like" url="http://www.scala-lang.org/downloads/license.html          "/>
				<metadata-artifact status="no" details="" size="2392" time="0" location="/Users/chiradip/.ivy2/cache/org.scala-lang/scala-library/ivy-2.10.1.xml" searched="false" origin-is-local="false" origin-location="http://repo1.maven.org/maven2/org/scala-lang/scala-library/2.10.1/scala-library-2.10.1.pom"/>
				<caller organisation="com.fasterxml.jackson.module" name="jackson-module-scala_2.10" conf="default, compile, runtime, master" rev="2.10.1" rev-constraint-default="2.10.1" rev-constraint-dynamic="2.10.0" callerrev="2.1.3"/>
				<caller organisation="org.scala-lang" name="scala-reflect" conf="compile, runtime" rev="2.10.1" rev-constraint-default="2.10.1" rev-constraint-dynamic="2.10.0" callerrev="2.10.0"/>
				<caller organisation="Chiradip Mandal, Inc." name="scalajson" conf="test-internal, test, optional, compile, provided, runtime" rev="2.10.1" rev-constraint-default="2.10.1" rev-constraint-dynamic="2.10.1" callerrev="0.1"/>
				<artifacts>
				</artifacts>
			</revision>
		</module>
	</dependencies>
</ivy-report>
